[2025-09-14 20:24:33] Leitura: Notebook Samsung | Código: SM-1508 | Preço: 2.600
[2025-09-14 20:26:30] Leitura: Notebook Samsung | Código: SM-1508 | Preço: 2.600
[2025-09-14 20:26:51] Leitura: Notebook Samsung | Código: SM-1508 | Preço: 2.600
[2025-09-14 20:27:33] Leitura: Notebook Samsung | Código: SM-1508 | Preço: 2.600
[2025-09-14 20:27:50] Leitura: Notebook Samsung | Código: SM-1508 | Preço: 2.600
[2025-09-14 20:28:12] Leitura: Notebook Samsung | Código: SM-1508 | Preço: 2.600
[2025-09-14 20:32:44] Leitura: Notebook Samsung | Código: SM-1508 | Preço: R$2.600
[2025-09-14 20:32:45] Leitura: Notebook Samsung | Código: SM-1508 | Preço: R$2.600
[2025-09-14 20:35:38] Leitura: Mouse Samsung | Código: SM-1608 | Preço: R$350
[2025-09-14 20:37:06] Leitura: Notebook Samsung | Código: SM-1508 | Preço: R$2.600
[2025-09-14 20:37:06] Leitura: Notebook Samsung | Código: SM-1508 | Preço: R$2.600
[2025-09-14 20:37:21] Leitura: Mouse Samsung | Código: SM-1608 | Preço: R$350
[2025-09-16 13:22:57] Leitura: Notebook Samsung | Código: SM-1508 | Preço: R$2.600
[2025-09-16 13:23:03] Leitura: Mouse Samsung | Código: SM-1608 | Preço: R$350
[2025-09-16 13:23:04] Leitura: Mouse Samsung | Código: SM-1608 | Preço: R$350
[2025-09-16 13:23:05] Leitura: Mouse Samsung | Código: SM-1608 | Preço: R$350
[2025-09-16 13:23:05] Leitura: Notebook Samsung | Código: SM-1508 | Preço: R$2.600
[2025-09-16 13:23:06] Leitura: Notebook Samsung | Código: SM-1508 | Preço: R$2.600
[2025-09-16 18:57:30] Leitura: Mouse Samsung | Código: SM-1608 | Preço: R$350
[2025-09-16 18:57:33] Leitura: Notebook Samsung | Código: SM-1508 | Preço: R$2.600
[2025-09-16 18:57:35] Leitura: Mouse Samsung | Código: SM-1608 | Preço: R$350
[2025-09-16 18:57:36] Leitura: Notebook Samsung | Código: SM-1508 | Preço: R$2.600
[2025-09-16 19:07:12] Leitura: Notebook Samsung | Código: SM-1508 | Preço: R$2.600
[2025-09-16 19:07:16] Leitura: Mouse Samsung | Código: SM-1608 | Preço: R$350
[2025-09-16 19:07:21] Leitura: Mouse Samsung | Código: SM-1608 | Preço: R$350
[2025-09-16 19:07:25] Leitura: Mouse Samsung | Código: SM-1608 | Preço: R$350
[2025-09-16 19:07:27] Leitura: Mouse Samsung | Código: SM-1608 | Preço: R$350
[2025-09-16 19:07:30] Leitura: Notebook Samsung | Código: SM-1508 | Preço: R$2.600
[2025-09-16 19:23:01] Leitura: Notebook Samsung | Código: SM-1508 | Preço: R$2.600
[2025-09-16 19:23:05] Leitura: Mouse Samsung | Código: SM-1608 | Preço: R$350
[2025-09-16 19:23:05] Leitura: Mouse Samsung | Código: SM-1608 | Preço: R$350
[2025-09-16 19:44:48] Leitura: Mouse Samsung | Código: SM-1608 | Preço: R$350
[2025-09-16 19:59:06] Leitura: Mouse Samsung | Código: SM-1608 | Preço: R$350
[2025-09-16 19:59:12] Leitura: Notebook Samsung | Código: SM-1508 | Preço: R$2.600
[2025-09-16 20:04:10] Leitura: Notebook Samsung | Código: SM-1508 | Preço: R$2.600
[2025-09-16 20:04:11] Leitura: Notebook Samsung | Código: SM-1508 | Preço: R$2.600
[2025-09-16 20:04:42] Leitura: Mouse Samsung | Código: SM-1608 | Preço: R$350,00
[2025-09-16 20:05:00] Leitura: Mouse Samsung | Código: SM-1608 | Preço: R$350,00
[2025-09-16 20:05:11] Leitura: Notebook Samsung | Código: SM-1508 | Preço: R$2.600[2025-09-20 20:53:56] Leitura: Notebook Samsung | Código: SM-1508 | Preço: R$2.600
[2025-09-20 20:53:56] Leitura: Notebook Samsung | Código: SM-1508 | Preço: R$2.600
[2025-09-20 20:53:56] Leitura: Notebook Samsung | Código: SM-1508 | Preço: R$2.600
[2025-09-20 20:54:00] Leitura: Mouse Samsung | Código: SM-1608 | Preço: R$350,00
[2025-09-20 20:54:00] Leitura: Mouse Samsung | Código: SM-1608 | Preço: R$350,00
[2025-09-20 20:56:23] Leitura: Notebook Samsung | Código: SM-1508 | Preço: R$2.600
[2025-09-20 20:56:26] Leitura: Notebook Samsung | Código: SM-1508 | Preço: R$2.600
[2025-09-20 20:56:26] Leitura: Notebook Samsung | Código: SM-1508 | Preço: R$2.600
[2025-09-20 20:56:27] Leitura: Notebook Samsung | Código: SM-1508 | Preço: R$2.600
[2025-10-31 23:45:44] Leitura: Mouse Samsung | Código: SM-1608 | Preço: R$350,00
[2025-10-31 23:48:53] Leitura: Mouse Samsung | Código: SM-1608 | Preço: R$350,00
[2025-10-31 23:48:53] Leitura: Mouse Samsung | Código: SM-1608 | Preço: R$350,00
